[debug] [2021-07-10T20:55:24.233Z] ----------------------------------------------------------------------
[debug] [2021-07-10T20:55:24.234Z] Command:       /home/zerker/.nvm/versions/node/v14.16.1/bin/node /home/zerker/.nvm/versions/node/v14.16.1/bin/firebase emulators:start --only functions
[debug] [2021-07-10T20:55:24.235Z] CLI Version:   9.10.2
[debug] [2021-07-10T20:55:24.235Z] Platform:      linux
[debug] [2021-07-10T20:55:24.235Z] Node Version:  v14.16.1
[debug] [2021-07-10T20:55:24.235Z] Time:          Sat Jul 10 2021 15:55:24 GMT-0500 (Central Daylight Time)
[debug] [2021-07-10T20:55:24.235Z] ----------------------------------------------------------------------
[debug] 
[debug] [2021-07-10T20:55:24.239Z] > command requires scopes: ["email","openid","https://www.googleapis.com/auth/cloudplatformprojects.readonly","https://www.googleapis.com/auth/firebase","https://www.googleapis.com/auth/cloud-platform"]
[debug] [2021-07-10T20:55:24.239Z] > authorizing via signed-in user (aoser9552@gmail.com)
[info] i  emulators: Starting emulators: functions {"metadata":{"emulator":{"name":"hub"},"message":"Starting emulators: functions"}}
[warn] ⚠  emulators: It seems that you are running multiple instances of the emulator suite for project structure-codes. This may result in unexpected behavior. 
[debug] [2021-07-10T20:55:24.249Z] [hub] writing locator at /tmp/hub-structure-codes.json
[warn] ⚠  functions: The following emulators are not running, calls to these services from the Functions emulator will affect production: auth, firestore, database, hosting, pubsub {"metadata":{"emulator":{"name":"functions"},"message":"The following emulators are not running, calls to these services from the Functions emulator will affect production: \u001b[1mauth, firestore, database, hosting, pubsub\u001b[22m"}}
[info] ✔  functions: Using node@14 from host. {"metadata":{"emulator":{"name":"functions"},"message":"Using node@14 from host."}}
[debug] [2021-07-10T20:55:24.272Z] defaultcredentials: writing to file /home/zerker/.config/firebase/aoser9552_gmail_com_application_default_credentials.json
[debug] [2021-07-10T20:55:24.274Z] Setting GAC to /home/zerker/.config/firebase/aoser9552_gmail_com_application_default_credentials.json {"metadata":{"emulator":{"name":"functions"},"message":"Setting GAC to /home/zerker/.config/firebase/aoser9552_gmail_com_application_default_credentials.json"}}
[debug] [2021-07-10T20:55:24.275Z] >>> [apiv2][query] GET https://firebase.googleapis.com/v1beta1/projects/structure-codes/adminSdkConfig [none]
[debug] [2021-07-10T20:55:24.450Z] <<< [apiv2][status] GET https://firebase.googleapis.com/v1beta1/projects/structure-codes/adminSdkConfig 200
[debug] [2021-07-10T20:55:24.450Z] <<< [apiv2][body] GET https://firebase.googleapis.com/v1beta1/projects/structure-codes/adminSdkConfig {"projectId":"structure-codes","storageBucket":"structure-codes.appspot.com"}
[debug] [2021-07-10T20:55:24.457Z] Ignoring unsupported arg: auto_download {"metadata":{"emulator":{"name":"ui"},"message":"Ignoring unsupported arg: auto_download"}}
[debug] [2021-07-10T20:55:24.458Z] Ignoring unsupported arg: port {"metadata":{"emulator":{"name":"ui"},"message":"Ignoring unsupported arg: port"}}
[debug] [2021-07-10T20:55:24.458Z] Starting Emulator UI with command {"binary":"node","args":["/home/zerker/.cache/firebase/emulators/ui-v1.4.2/server.bundle.js"],"optionalArgs":[],"joinArgs":false} {"metadata":{"emulator":{"name":"ui"},"message":"Starting Emulator UI with command {\"binary\":\"node\",\"args\":[\"/home/zerker/.cache/firebase/emulators/ui-v1.4.2/server.bundle.js\"],\"optionalArgs\":[],\"joinArgs\":false}"}}
[info] i  ui: Emulator UI logging to ui-debug.log {"metadata":{"emulator":{"name":"ui"},"message":"Emulator UI logging to \u001b[1mui-debug.log\u001b[22m"}}
[debug] [2021-07-10T20:55:24.509Z] Web / API server started at http://127.0.0.1:4000
 {"metadata":{"emulator":{"name":"ui"},"message":"Web / API server started at http://127.0.0.1:4000\n"}}
[info] i  functions: Watching "/home/zerker/code/structure/api" for Cloud Functions... {"metadata":{"emulator":{"name":"functions"},"message":"Watching \"/home/zerker/code/structure/api\" for Cloud Functions..."}}
[debug] [2021-07-10T20:55:24.719Z] [worker-pool] addWorker(~diagnostic~) {"metadata":{"emulator":{"name":"functions"},"message":"[worker-pool] addWorker(~diagnostic~)"}}
[debug] [2021-07-10T20:55:24.720Z] [worker-pool] Adding worker with key ~diagnostic~, total=1 {"metadata":{"emulator":{"name":"functions"},"message":"[worker-pool] Adding worker with key ~diagnostic~, total=1"}}
[debug] [2021-07-10T20:55:24.720Z] [worker-pool] submitWork(triggerId=) {"metadata":{"emulator":{"name":"functions"},"message":"[worker-pool] submitWork(triggerId=)"}}
[debug] [2021-07-10T20:55:24.720Z] [worker-~diagnostic~-3f0ca9a0-9fca-4852-a8d9-404edfa6924d]: Assigning socketPath: /tmp/fire_emu_6951.sock {"metadata":{"emulator":{"name":"functions"},"message":"[worker-~diagnostic~-3f0ca9a0-9fca-4852-a8d9-404edfa6924d]: Assigning socketPath: /tmp/fire_emu_6951.sock"}}
[debug] [2021-07-10T20:55:24.720Z] [worker-~diagnostic~-3f0ca9a0-9fca-4852-a8d9-404edfa6924d]: BUSY {"metadata":{"emulator":{"name":"functions"},"message":"[worker-~diagnostic~-3f0ca9a0-9fca-4852-a8d9-404edfa6924d]: BUSY"}}
[debug] [2021-07-10T20:55:24.799Z] [runtime-status] [6951] Functions runtime initialized. {"cwd":"/home/zerker/code/structure/api","node_version":"14.16.1"} {"metadata":{"emulator":{"name":"functions"},"message":"[runtime-status] [6951] Functions runtime initialized. {\"cwd\":\"/home/zerker/code/structure/api\",\"node_version\":\"14.16.1\"}"}}
[debug] [2021-07-10T20:55:24.800Z] [runtime-status] [6951] Disabled runtime features: undefined {"metadata":{"emulator":{"name":"functions"},"message":"[runtime-status] [6951] Disabled runtime features: undefined"}}
[debug] [2021-07-10T20:55:24.800Z] [runtime-status] [6951] Resolved module firebase-admin {"declared":true,"installed":true,"version":"9.10.0","resolution":"/home/zerker/code/structure/api/node_modules/firebase-admin/lib/index.js"} {"metadata":{"emulator":{"name":"functions"},"message":"[runtime-status] [6951] Resolved module firebase-admin {\"declared\":true,\"installed\":true,\"version\":\"9.10.0\",\"resolution\":\"/home/zerker/code/structure/api/node_modules/firebase-admin/lib/index.js\"}"}}
[debug] [2021-07-10T20:55:24.801Z] [runtime-status] [6951] Resolved module firebase-functions {"declared":true,"installed":true,"version":"3.14.1","resolution":"/home/zerker/code/structure/api/node_modules/firebase-functions/lib/index.js"} {"metadata":{"emulator":{"name":"functions"},"message":"[runtime-status] [6951] Resolved module firebase-functions {\"declared\":true,\"installed\":true,\"version\":\"3.14.1\",\"resolution\":\"/home/zerker/code/structure/api/node_modules/firebase-functions/lib/index.js\"}"}}
[debug] [2021-07-10T20:55:24.802Z] [runtime-status] [6951] Resolved module firebase-functions {"declared":true,"installed":true,"version":"3.14.1","resolution":"/home/zerker/code/structure/api/node_modules/firebase-functions/lib/index.js"} {"metadata":{"emulator":{"name":"functions"},"message":"[runtime-status] [6951] Resolved module firebase-functions {\"declared\":true,\"installed\":true,\"version\":\"3.14.1\",\"resolution\":\"/home/zerker/code/structure/api/node_modules/firebase-functions/lib/index.js\"}"}}
[debug] [2021-07-10T20:55:24.803Z] [runtime-status] [6951] Outgoing network have been stubbed. [{"name":"http","status":"mocked"},{"name":"http","status":"mocked"},{"name":"https","status":"mocked"},{"name":"https","status":"mocked"},{"name":"net","status":"mocked"}] {"metadata":{"emulator":{"name":"functions"},"message":"[runtime-status] [6951] Outgoing network have been stubbed. [{\"name\":\"http\",\"status\":\"mocked\"},{\"name\":\"http\",\"status\":\"mocked\"},{\"name\":\"https\",\"status\":\"mocked\"},{\"name\":\"https\",\"status\":\"mocked\"},{\"name\":\"net\",\"status\":\"mocked\"}]"}}
[debug] [2021-07-10T20:55:24.803Z] [runtime-status] [6951] Resolved module firebase-functions {"declared":true,"installed":true,"version":"3.14.1","resolution":"/home/zerker/code/structure/api/node_modules/firebase-functions/lib/index.js"} {"metadata":{"emulator":{"name":"functions"},"message":"[runtime-status] [6951] Resolved module firebase-functions {\"declared\":true,\"installed\":true,\"version\":\"3.14.1\",\"resolution\":\"/home/zerker/code/structure/api/node_modules/firebase-functions/lib/index.js\"}"}}
[debug] [2021-07-10T20:55:24.824Z] [runtime-status] [6951] Checked functions.config() {"config":{}} {"metadata":{"emulator":{"name":"functions"},"message":"[runtime-status] [6951] Checked functions.config() {\"config\":{}}"}}
[debug] [2021-07-10T20:55:24.824Z] [runtime-status] [6951] firebase-functions has been stubbed. {"functionsResolution":{"declared":true,"installed":true,"version":"3.14.1","resolution":"/home/zerker/code/structure/api/node_modules/firebase-functions/lib/index.js"}} {"metadata":{"emulator":{"name":"functions"},"message":"[runtime-status] [6951] firebase-functions has been stubbed. {\"functionsResolution\":{\"declared\":true,\"installed\":true,\"version\":\"3.14.1\",\"resolution\":\"/home/zerker/code/structure/api/node_modules/firebase-functions/lib/index.js\"}}"}}
[debug] [2021-07-10T20:55:24.824Z] [runtime-status] [6951] Resolved module firebase-functions {"declared":true,"installed":true,"version":"3.14.1","resolution":"/home/zerker/code/structure/api/node_modules/firebase-functions/lib/index.js"} {"metadata":{"emulator":{"name":"functions"},"message":"[runtime-status] [6951] Resolved module firebase-functions {\"declared\":true,\"installed\":true,\"version\":\"3.14.1\",\"resolution\":\"/home/zerker/code/structure/api/node_modules/firebase-functions/lib/index.js\"}"}}
[debug] [2021-07-10T20:55:24.825Z] [runtime-status] [6951] Resolved module firebase-admin {"declared":true,"installed":true,"version":"9.10.0","resolution":"/home/zerker/code/structure/api/node_modules/firebase-admin/lib/index.js"} {"metadata":{"emulator":{"name":"functions"},"message":"[runtime-status] [6951] Resolved module firebase-admin {\"declared\":true,\"installed\":true,\"version\":\"9.10.0\",\"resolution\":\"/home/zerker/code/structure/api/node_modules/firebase-admin/lib/index.js\"}"}}
[debug] [2021-07-10T20:55:24.825Z] [runtime-status] [6951] Resolved module firebase-functions {"declared":true,"installed":true,"version":"3.14.1","resolution":"/home/zerker/code/structure/api/node_modules/firebase-functions/lib/index.js"} {"metadata":{"emulator":{"name":"functions"},"message":"[runtime-status] [6951] Resolved module firebase-functions {\"declared\":true,\"installed\":true,\"version\":\"3.14.1\",\"resolution\":\"/home/zerker/code/structure/api/node_modules/firebase-functions/lib/index.js\"}"}}
[debug] [2021-07-10T20:55:24.825Z] [runtime-status] [6951] firebase-admin has been stubbed. {"adminResolution":{"declared":true,"installed":true,"version":"9.10.0","resolution":"/home/zerker/code/structure/api/node_modules/firebase-admin/lib/index.js"}} {"metadata":{"emulator":{"name":"functions"},"message":"[runtime-status] [6951] firebase-admin has been stubbed. {\"adminResolution\":{\"declared\":true,\"installed\":true,\"version\":\"9.10.0\",\"resolution\":\"/home/zerker/code/structure/api/node_modules/firebase-admin/lib/index.js\"}}"}}
[info] ✔  functions[api]: http function initialized (http://127.0.0.1:5001/structure-codes/us-central1/api). {"metadata":{"emulator":{"name":"functions"},"message":"\u001b[1mhttp\u001b[22m function initialized (http://127.0.0.1:5001/structure-codes/us-central1/api)."}}
[info] 
┌─────────────────────────────────────────────────────────────┐
│ ✔  All emulators ready! It is now safe to connect your app. │
│ i  View Emulator UI at http://127.0.0.1:4000                │
└─────────────────────────────────────────────────────────────┘

┌───────────┬────────────────┬─────────────────────────────────┐
│ Emulator  │ Host:Port      │ View in Emulator UI             │
├───────────┼────────────────┼─────────────────────────────────┤
│ Functions │ 127.0.0.1:5001 │ http://127.0.0.1:4000/functions │
└───────────┴────────────────┴─────────────────────────────────┘
  Emulator Hub running at 127.0.0.1:4400
  Other reserved ports: 4500

Issues? Report them at https://github.com/firebase/firebase-tools/issues and attach the *-debug.log files.
 
[debug] [2021-07-10T20:55:24.879Z] [worker-~diagnostic~-3f0ca9a0-9fca-4852-a8d9-404edfa6924d]: IDLE {"metadata":{"emulator":{"name":"functions"},"message":"[worker-~diagnostic~-3f0ca9a0-9fca-4852-a8d9-404edfa6924d]: IDLE"}}
[debug] [2021-07-10T21:48:18.828Z] [work-queue] {"queueLength":1,"workRunningCount":0}
[debug] [2021-07-10T21:48:18.828Z] [work-queue] {"queueLength":0,"workRunningCount":1}
[debug] [2021-07-10T21:48:18.828Z] Accepted request GET /structure-codes/us-central1/api/templates/cra-template-typescript.json --> api
[debug] [2021-07-10T21:48:18.831Z] [worker-pool] addWorker(api) {"metadata":{"emulator":{"name":"functions"},"message":"[worker-pool] addWorker(api)"}}
[debug] [2021-07-10T21:48:18.831Z] [worker-pool] Adding worker with key api, total=1 {"metadata":{"emulator":{"name":"functions"},"message":"[worker-pool] Adding worker with key api, total=1"}}
[debug] [2021-07-10T21:48:18.832Z] [worker-pool] submitWork(triggerId=api) {"metadata":{"emulator":{"name":"functions"},"message":"[worker-pool] submitWork(triggerId=api)"}}
[debug] [2021-07-10T21:48:18.832Z] [worker-api-25ec6915-8cf0-42b1-9974-1029ec04ff69]: Assigning socketPath: /tmp/fire_emu_9128.sock {"metadata":{"emulator":{"name":"functions"},"message":"[worker-api-25ec6915-8cf0-42b1-9974-1029ec04ff69]: Assigning socketPath: /tmp/fire_emu_9128.sock"}}
[debug] [2021-07-10T21:48:18.832Z] [worker-api-25ec6915-8cf0-42b1-9974-1029ec04ff69]: BUSY {"metadata":{"emulator":{"name":"functions"},"message":"[worker-api-25ec6915-8cf0-42b1-9974-1029ec04ff69]: BUSY"}}
[debug] [2021-07-10T21:48:18.913Z] [runtime-status] [9128] Functions runtime initialized. {"cwd":"/home/zerker/code/structure/api","node_version":"14.16.1"} {"metadata":{"emulator":{"name":"functions"},"function":{"name":"api"},"message":"[runtime-status] [9128] Functions runtime initialized. {\"cwd\":\"/home/zerker/code/structure/api\",\"node_version\":\"14.16.1\"}"}}
[debug] [2021-07-10T21:48:18.914Z] [runtime-status] [9128] Disabled runtime features: undefined {"metadata":{"emulator":{"name":"functions"},"function":{"name":"api"},"message":"[runtime-status] [9128] Disabled runtime features: undefined"}}
[debug] [2021-07-10T21:48:18.915Z] [runtime-status] [9128] Resolved module firebase-admin {"declared":true,"installed":true,"version":"9.10.0","resolution":"/home/zerker/code/structure/api/node_modules/firebase-admin/lib/index.js"} {"metadata":{"emulator":{"name":"functions"},"function":{"name":"api"},"message":"[runtime-status] [9128] Resolved module firebase-admin {\"declared\":true,\"installed\":true,\"version\":\"9.10.0\",\"resolution\":\"/home/zerker/code/structure/api/node_modules/firebase-admin/lib/index.js\"}"}}
[debug] [2021-07-10T21:48:18.915Z] [runtime-status] [9128] Resolved module firebase-functions {"declared":true,"installed":true,"version":"3.14.1","resolution":"/home/zerker/code/structure/api/node_modules/firebase-functions/lib/index.js"} {"metadata":{"emulator":{"name":"functions"},"function":{"name":"api"},"message":"[runtime-status] [9128] Resolved module firebase-functions {\"declared\":true,\"installed\":true,\"version\":\"3.14.1\",\"resolution\":\"/home/zerker/code/structure/api/node_modules/firebase-functions/lib/index.js\"}"}}
[debug] [2021-07-10T21:48:18.915Z] [runtime-status] [9128] Resolved module firebase-functions {"declared":true,"installed":true,"version":"3.14.1","resolution":"/home/zerker/code/structure/api/node_modules/firebase-functions/lib/index.js"} {"metadata":{"emulator":{"name":"functions"},"function":{"name":"api"},"message":"[runtime-status] [9128] Resolved module firebase-functions {\"declared\":true,\"installed\":true,\"version\":\"3.14.1\",\"resolution\":\"/home/zerker/code/structure/api/node_modules/firebase-functions/lib/index.js\"}"}}
[debug] [2021-07-10T21:48:18.917Z] [runtime-status] [9128] Outgoing network have been stubbed. [{"name":"http","status":"mocked"},{"name":"http","status":"mocked"},{"name":"https","status":"mocked"},{"name":"https","status":"mocked"},{"name":"net","status":"mocked"}] {"metadata":{"emulator":{"name":"functions"},"function":{"name":"api"},"message":"[runtime-status] [9128] Outgoing network have been stubbed. [{\"name\":\"http\",\"status\":\"mocked\"},{\"name\":\"http\",\"status\":\"mocked\"},{\"name\":\"https\",\"status\":\"mocked\"},{\"name\":\"https\",\"status\":\"mocked\"},{\"name\":\"net\",\"status\":\"mocked\"}]"}}
[debug] [2021-07-10T21:48:18.917Z] [runtime-status] [9128] Resolved module firebase-functions {"declared":true,"installed":true,"version":"3.14.1","resolution":"/home/zerker/code/structure/api/node_modules/firebase-functions/lib/index.js"} {"metadata":{"emulator":{"name":"functions"},"function":{"name":"api"},"message":"[runtime-status] [9128] Resolved module firebase-functions {\"declared\":true,\"installed\":true,\"version\":\"3.14.1\",\"resolution\":\"/home/zerker/code/structure/api/node_modules/firebase-functions/lib/index.js\"}"}}
[debug] [2021-07-10T21:48:18.937Z] [runtime-status] [9128] Checked functions.config() {"config":{}} {"metadata":{"emulator":{"name":"functions"},"function":{"name":"api"},"message":"[runtime-status] [9128] Checked functions.config() {\"config\":{}}"}}
[debug] [2021-07-10T21:48:18.938Z] [runtime-status] [9128] firebase-functions has been stubbed. {"functionsResolution":{"declared":true,"installed":true,"version":"3.14.1","resolution":"/home/zerker/code/structure/api/node_modules/firebase-functions/lib/index.js"}} {"metadata":{"emulator":{"name":"functions"},"function":{"name":"api"},"message":"[runtime-status] [9128] firebase-functions has been stubbed. {\"functionsResolution\":{\"declared\":true,\"installed\":true,\"version\":\"3.14.1\",\"resolution\":\"/home/zerker/code/structure/api/node_modules/firebase-functions/lib/index.js\"}}"}}
[debug] [2021-07-10T21:48:18.938Z] [runtime-status] [9128] Resolved module firebase-functions {"declared":true,"installed":true,"version":"3.14.1","resolution":"/home/zerker/code/structure/api/node_modules/firebase-functions/lib/index.js"} {"metadata":{"emulator":{"name":"functions"},"function":{"name":"api"},"message":"[runtime-status] [9128] Resolved module firebase-functions {\"declared\":true,\"installed\":true,\"version\":\"3.14.1\",\"resolution\":\"/home/zerker/code/structure/api/node_modules/firebase-functions/lib/index.js\"}"}}
[debug] [2021-07-10T21:48:18.938Z] [runtime-status] [9128] Resolved module firebase-admin {"declared":true,"installed":true,"version":"9.10.0","resolution":"/home/zerker/code/structure/api/node_modules/firebase-admin/lib/index.js"} {"metadata":{"emulator":{"name":"functions"},"function":{"name":"api"},"message":"[runtime-status] [9128] Resolved module firebase-admin {\"declared\":true,\"installed\":true,\"version\":\"9.10.0\",\"resolution\":\"/home/zerker/code/structure/api/node_modules/firebase-admin/lib/index.js\"}"}}
[debug] [2021-07-10T21:48:18.939Z] [runtime-status] [9128] Resolved module firebase-functions {"declared":true,"installed":true,"version":"3.14.1","resolution":"/home/zerker/code/structure/api/node_modules/firebase-functions/lib/index.js"} {"metadata":{"emulator":{"name":"functions"},"function":{"name":"api"},"message":"[runtime-status] [9128] Resolved module firebase-functions {\"declared\":true,\"installed\":true,\"version\":\"3.14.1\",\"resolution\":\"/home/zerker/code/structure/api/node_modules/firebase-functions/lib/index.js\"}"}}
[debug] [2021-07-10T21:48:18.939Z] [runtime-status] [9128] firebase-admin has been stubbed. {"adminResolution":{"declared":true,"installed":true,"version":"9.10.0","resolution":"/home/zerker/code/structure/api/node_modules/firebase-admin/lib/index.js"}} {"metadata":{"emulator":{"name":"functions"},"function":{"name":"api"},"message":"[runtime-status] [9128] firebase-admin has been stubbed. {\"adminResolution\":{\"declared\":true,\"installed\":true,\"version\":\"9.10.0\",\"resolution\":\"/home/zerker/code/structure/api/node_modules/firebase-admin/lib/index.js\"}}"}}
[debug] [2021-07-10T21:48:18.990Z] [runtime-status] [9128] Trigger "api" has been found, beginning invocation! {"metadata":{"emulator":{"name":"functions"},"function":{"name":"api"},"message":"[runtime-status] [9128] Trigger \"api\" has been found, beginning invocation!"}}
[info] i  functions: Beginning execution of "api" {"metadata":{"emulator":{"name":"functions"},"function":{"name":"api"},"message":"Beginning execution of \"api\""}}
[debug] [2021-07-10T21:48:18.991Z] [runtime-status] [9128] triggerDefinition {"httpsTrigger":{},"name":"api","entryPoint":"api"} {"metadata":{"emulator":{"name":"functions"},"function":{"name":"api"},"message":"[runtime-status] [9128] triggerDefinition {\"httpsTrigger\":{},\"name\":\"api\",\"entryPoint\":\"api\"}"}}
[debug] [2021-07-10T21:48:18.991Z] [runtime-status] [9128] Running api in mode HTTPS {"metadata":{"emulator":{"name":"functions"},"function":{"name":"api"},"message":"[runtime-status] [9128] Running api in mode HTTPS"}}
[debug] [2021-07-10T21:48:18.993Z] [runtime-status] [9128] Attempting to listen to socketPath: /tmp/fire_emu_9128.sock {"metadata":{"emulator":{"name":"functions"},"function":{"name":"api"},"message":"[runtime-status] [9128] Attempting to listen to socketPath: /tmp/fire_emu_9128.sock"}}
[debug] [2021-07-10T21:48:18.997Z] [functions] Runtime ready! Sending request! {"metadata":{"emulator":{"name":"functions"},"message":"[functions] Runtime ready! Sending request!"}}
[debug] [2021-07-10T21:48:18.998Z] [functions] Got req.url=/structure-codes/us-central1/api/templates/cra-template-typescript.json, mapping to path=/templates/cra-template-typescript.json {"metadata":{"emulator":{"name":"functions"},"message":"[functions] Got req.url=/structure-codes/us-central1/api/templates/cra-template-typescript.json, mapping to path=/templates/cra-template-typescript.json"}}
[debug] [2021-07-10T21:48:19.004Z] [runtime-status] [9128] Ephemeral server handling GET request {"metadata":{"emulator":{"name":"functions"},"function":{"name":"api"},"message":"[runtime-status] [9128] Ephemeral server handling GET request"}}
[debug] [2021-07-10T21:48:19.009Z] [runtime-status] [9128] Ephemeral server survived. {"metadata":{"emulator":{"name":"functions"},"function":{"name":"api"},"message":"[runtime-status] [9128] Ephemeral server survived."}}
[info] i  functions: Finished "api" in ~1s {"metadata":{"emulator":{"name":"functions"},"function":{"name":"api"},"message":"Finished \"api\" in ~1s"}}
[debug] [2021-07-10T21:48:19.010Z] [worker-api-25ec6915-8cf0-42b1-9974-1029ec04ff69]: IDLE {"metadata":{"emulator":{"name":"functions"},"message":"[worker-api-25ec6915-8cf0-42b1-9974-1029ec04ff69]: IDLE"}}
[debug] [2021-07-10T21:48:19.010Z] [work-queue] {"queueLength":0,"workRunningCount":0}
[debug] [2021-07-10T22:00:29.408Z] [work-queue] {"queueLength":1,"workRunningCount":0}
[debug] [2021-07-10T22:00:29.408Z] [work-queue] {"queueLength":0,"workRunningCount":1}
[debug] [2021-07-10T22:00:29.408Z] Accepted request GET /structure-codes/us-central1/api/babel/parser/lib/index.js --> api
[debug] [2021-07-10T22:00:29.409Z] [worker-pool] submitWork(triggerId=api) {"metadata":{"emulator":{"name":"functions"},"message":"[worker-pool] submitWork(triggerId=api)"}}
[debug] [2021-07-10T22:00:29.409Z] [worker-api-25ec6915-8cf0-42b1-9974-1029ec04ff69]: Assigning socketPath: /tmp/fire_emu_9128.sock {"metadata":{"emulator":{"name":"functions"},"message":"[worker-api-25ec6915-8cf0-42b1-9974-1029ec04ff69]: Assigning socketPath: /tmp/fire_emu_9128.sock"}}
[debug] [2021-07-10T22:00:29.409Z] [worker-api-25ec6915-8cf0-42b1-9974-1029ec04ff69]: BUSY {"metadata":{"emulator":{"name":"functions"},"message":"[worker-api-25ec6915-8cf0-42b1-9974-1029ec04ff69]: BUSY"}}
[debug] [2021-07-10T22:00:29.410Z] [runtime-status] [9128] Trigger "api" has been found, beginning invocation! {"metadata":{"emulator":{"name":"functions"},"function":{"name":"api"},"message":"[runtime-status] [9128] Trigger \"api\" has been found, beginning invocation!"}}
[info] i  functions: Beginning execution of "api" {"metadata":{"emulator":{"name":"functions"},"function":{"name":"api"},"message":"Beginning execution of \"api\""}}
[debug] [2021-07-10T22:00:29.411Z] [runtime-status] [9128] triggerDefinition {"httpsTrigger":{},"name":"api","entryPoint":"api"} {"metadata":{"emulator":{"name":"functions"},"function":{"name":"api"},"message":"[runtime-status] [9128] triggerDefinition {\"httpsTrigger\":{},\"name\":\"api\",\"entryPoint\":\"api\"}"}}
[debug] [2021-07-10T22:00:29.411Z] [runtime-status] [9128] Running api in mode HTTPS {"metadata":{"emulator":{"name":"functions"},"function":{"name":"api"},"message":"[runtime-status] [9128] Running api in mode HTTPS"}}
[debug] [2021-07-10T22:00:29.411Z] [runtime-status] [9128] Attempting to listen to socketPath: /tmp/fire_emu_9128.sock {"metadata":{"emulator":{"name":"functions"},"function":{"name":"api"},"message":"[runtime-status] [9128] Attempting to listen to socketPath: /tmp/fire_emu_9128.sock"}}
[debug] [2021-07-10T22:00:29.412Z] [functions] Runtime ready! Sending request! {"metadata":{"emulator":{"name":"functions"},"message":"[functions] Runtime ready! Sending request!"}}
[debug] [2021-07-10T22:00:29.413Z] [functions] Got req.url=/structure-codes/us-central1/api/babel/parser/lib/index.js, mapping to path=/babel/parser/lib/index.js {"metadata":{"emulator":{"name":"functions"},"message":"[functions] Got req.url=/structure-codes/us-central1/api/babel/parser/lib/index.js, mapping to path=/babel/parser/lib/index.js"}}
[debug] [2021-07-10T22:00:29.416Z] [runtime-status] [9128] Ephemeral server handling GET request {"metadata":{"emulator":{"name":"functions"},"function":{"name":"api"},"message":"[runtime-status] [9128] Ephemeral server handling GET request"}}
[debug] [2021-07-10T22:00:29.416Z] [runtime-status] [9128] Ephemeral server survived. {"metadata":{"emulator":{"name":"functions"},"function":{"name":"api"},"message":"[runtime-status] [9128] Ephemeral server survived."}}
[info] i  functions: Finished "api" in ~1s {"metadata":{"emulator":{"name":"functions"},"function":{"name":"api"},"message":"Finished \"api\" in ~1s"}}
[debug] [2021-07-10T22:00:29.417Z] [worker-api-25ec6915-8cf0-42b1-9974-1029ec04ff69]: IDLE {"metadata":{"emulator":{"name":"functions"},"message":"[worker-api-25ec6915-8cf0-42b1-9974-1029ec04ff69]: IDLE"}}
[debug] [2021-07-10T22:00:29.417Z] [work-queue] {"queueLength":0,"workRunningCount":0}
